{"C:\\Users\\root\\Documents\\prueba-pichincha\\chapter-frontend-pruebas\\src\\components\\atoms\\Character\\index.tsx": {"path":"C:\\Users\\root\\Documents\\prueba-pichincha\\chapter-frontend-pruebas\\src\\components\\atoms\\Character\\index.tsx","statementMap":{"0":{"start":{"line":10,"column":33},"end":{"line":26,"column":1}},"1":{"start":{"line":13,"column":4},"end":{"line":25,"column":5}}},"fnMap":{"0":{"name":"(anonymous_0)","decl":{"start":{"line":10,"column":33},"end":{"line":10,"column":34}},"loc":{"start":{"line":10,"column":52},"end":{"line":26,"column":1}},"line":10}},"branchMap":{},"s":{"0":2,"1":0},"f":{"0":0},"b":{},"_coverageSchema":"1a1c01bbd47fc00a2c39e90264f33305004495a9","hash":"4e22d872dec95c7c524659a1e3034a545f7166d0"}
,"C:\\Users\\root\\Documents\\prueba-pichincha\\chapter-frontend-pruebas\\src\\components\\atoms\\Character\\style.tsx": {"path":"C:\\Users\\root\\Documents\\prueba-pichincha\\chapter-frontend-pruebas\\src\\components\\atoms\\Character\\style.tsx","statementMap":{"0":{"start":{"line":3,"column":25},"end":{"line":38,"column":1}}},"fnMap":{},"branchMap":{},"s":{"0":2},"f":{},"b":{},"_coverageSchema":"1a1c01bbd47fc00a2c39e90264f33305004495a9","hash":"dc9396c485cca251175bc7991345bcedf7972f84"}
,"C:\\Users\\root\\Documents\\prueba-pichincha\\chapter-frontend-pruebas\\src\\components\\molecules\\MarvelBody\\index.tsx": {"path":"C:\\Users\\root\\Documents\\prueba-pichincha\\chapter-frontend-pruebas\\src\\components\\molecules\\MarvelBody\\index.tsx","statementMap":{"0":{"start":{"line":15,"column":35},"end":{"line":94,"column":1}},"1":{"start":{"line":18,"column":44},"end":{"line":18,"column":71}},"2":{"start":{"line":20,"column":29},"end":{"line":20,"column":39}},"3":{"start":{"line":21,"column":44},"end":{"line":21,"column":70}},"4":{"start":{"line":22,"column":50},"end":{"line":22,"column":65}},"5":{"start":{"line":23,"column":36},"end":{"line":23,"column":51}},"6":{"start":{"line":25,"column":21},"end":{"line":43,"column":7}},"7":{"start":{"line":26,"column":8},"end":{"line":42,"column":9}},"8":{"start":{"line":27,"column":12},"end":{"line":27,"column":32}},"9":{"start":{"line":29,"column":12},"end":{"line":29,"column":31}},"10":{"start":{"line":31,"column":12},"end":{"line":41,"column":13}},"11":{"start":{"line":32,"column":31},"end":{"line":32,"column":73}},"12":{"start":{"line":33,"column":16},"end":{"line":38,"column":17}},"13":{"start":{"line":34,"column":20},"end":{"line":34,"column":38}},"14":{"start":{"line":36,"column":20},"end":{"line":36,"column":44}},"15":{"start":{"line":37,"column":20},"end":{"line":37,"column":39}},"16":{"start":{"line":40,"column":16},"end":{"line":40,"column":34}},"17":{"start":{"line":45,"column":25},"end":{"line":49,"column":5}},"18":{"start":{"line":46,"column":8},"end":{"line":46,"column":27}},"19":{"start":{"line":48,"column":8},"end":{"line":48,"column":42}},"20":{"start":{"line":51,"column":23},"end":{"line":53,"column":5}},"21":{"start":{"line":52,"column":8},"end":{"line":52,"column":32}},"22":{"start":{"line":55,"column":4},"end":{"line":93,"column":5}},"23":{"start":{"line":80,"column":20},"end":{"line":80,"column":65}},"24":{"start":{"line":85,"column":20},"end":{"line":85,"column":65}}},"fnMap":{"0":{"name":"(anonymous_0)","decl":{"start":{"line":15,"column":35},"end":{"line":15,"column":36}},"loc":{"start":{"line":15,"column":55},"end":{"line":94,"column":1}},"line":15},"1":{"name":"(anonymous_1)","decl":{"start":{"line":25,"column":21},"end":{"line":25,"column":22}},"loc":{"start":{"line":25,"column":47},"end":{"line":43,"column":7}},"line":25},"2":{"name":"(anonymous_2)","decl":{"start":{"line":45,"column":25},"end":{"line":45,"column":26}},"loc":{"start":{"line":45,"column":32},"end":{"line":49,"column":5}},"line":45},"3":{"name":"(anonymous_3)","decl":{"start":{"line":51,"column":23},"end":{"line":51,"column":24}},"loc":{"start":{"line":51,"column":29},"end":{"line":53,"column":5}},"line":51},"4":{"name":"(anonymous_4)","decl":{"start":{"line":79,"column":62},"end":{"line":79,"column":63}},"loc":{"start":{"line":80,"column":20},"end":{"line":80,"column":65}},"line":80},"5":{"name":"(anonymous_5)","decl":{"start":{"line":84,"column":63},"end":{"line":84,"column":64}},"loc":{"start":{"line":85,"column":20},"end":{"line":85,"column":65}},"line":85}},"branchMap":{"0":{"loc":{"start":{"line":26,"column":8},"end":{"line":42,"column":9}},"type":"if","locations":[{"start":{"line":26,"column":8},"end":{"line":42,"column":9}},{"start":{"line":30,"column":15},"end":{"line":42,"column":9}}],"line":26},"1":{"loc":{"start":{"line":33,"column":16},"end":{"line":38,"column":17}},"type":"if","locations":[{"start":{"line":33,"column":16},"end":{"line":38,"column":17}},{"start":{"line":35,"column":23},"end":{"line":38,"column":17}}],"line":33},"2":{"loc":{"start":{"line":76,"column":18},"end":{"line":76,"column":52}},"type":"binary-expr","locations":[{"start":{"line":76,"column":18},"end":{"line":76,"column":33}},{"start":{"line":76,"column":37},"end":{"line":76,"column":52}}],"line":76},"3":{"loc":{"start":{"line":79,"column":17},"end":{"line":81,"column":19}},"type":"binary-expr","locations":[{"start":{"line":79,"column":17},"end":{"line":79,"column":42}},{"start":{"line":79,"column":46},"end":{"line":81,"column":19}}],"line":79},"4":{"loc":{"start":{"line":84,"column":18},"end":{"line":86,"column":19}},"type":"binary-expr","locations":[{"start":{"line":84,"column":18},"end":{"line":84,"column":41}},{"start":{"line":84,"column":45},"end":{"line":86,"column":19}}],"line":84}},"s":{"0":2,"1":0,"2":0,"3":0,"4":0,"5":0,"6":0,"7":0,"8":0,"9":0,"10":0,"11":0,"12":0,"13":0,"14":0,"15":0,"16":0,"17":0,"18":0,"19":0,"20":0,"21":0,"22":0,"23":0,"24":0},"f":{"0":0,"1":0,"2":0,"3":0,"4":0,"5":0},"b":{"0":[0,0],"1":[0,0],"2":[0,0],"3":[0,0],"4":[0,0]},"_coverageSchema":"1a1c01bbd47fc00a2c39e90264f33305004495a9","hash":"7f1b28b5f877920e3fcf80aaaed579e6f99bf212"}
,"C:\\Users\\root\\Documents\\prueba-pichincha\\chapter-frontend-pruebas\\src\\components\\molecules\\MarvelBody\\style.tsx": {"path":"C:\\Users\\root\\Documents\\prueba-pichincha\\chapter-frontend-pruebas\\src\\components\\molecules\\MarvelBody\\style.tsx","statementMap":{"0":{"start":{"line":3,"column":25},"end":{"line":34,"column":1}}},"fnMap":{},"branchMap":{},"s":{"0":2},"f":{},"b":{},"_coverageSchema":"1a1c01bbd47fc00a2c39e90264f33305004495a9","hash":"fbf03e9b076d16b4ce9b533bd653c3d296403073"}
,"C:\\Users\\root\\Documents\\prueba-pichincha\\chapter-frontend-pruebas\\src\\components\\molecules\\NewCharacter\\index.tsx": {"path":"C:\\Users\\root\\Documents\\prueba-pichincha\\chapter-frontend-pruebas\\src\\components\\molecules\\NewCharacter\\index.tsx","statementMap":{"0":{"start":{"line":10,"column":21},"end":{"line":70,"column":1}},"1":{"start":{"line":12,"column":47},"end":{"line":12,"column":66}},"2":{"start":{"line":13,"column":61},"end":{"line":13,"column":87}},"3":{"start":{"line":14,"column":45},"end":{"line":14,"column":63}},"4":{"start":{"line":16,"column":24},"end":{"line":20,"column":5}},"5":{"start":{"line":19,"column":8},"end":{"line":19,"column":80}},"6":{"start":{"line":22,"column":4},"end":{"line":69,"column":5}}},"fnMap":{"0":{"name":"(anonymous_0)","decl":{"start":{"line":10,"column":21},"end":{"line":10,"column":22}},"loc":{"start":{"line":10,"column":27},"end":{"line":70,"column":1}},"line":10},"1":{"name":"(anonymous_1)","decl":{"start":{"line":16,"column":24},"end":{"line":16,"column":25}},"loc":{"start":{"line":16,"column":30},"end":{"line":20,"column":5}},"line":16}},"branchMap":{},"s":{"0":2,"1":0,"2":0,"3":0,"4":0,"5":0,"6":0},"f":{"0":0,"1":0},"b":{},"_coverageSchema":"1a1c01bbd47fc00a2c39e90264f33305004495a9","hash":"6431375ea20f832fcff0977a12f725c39fbad357"}
,"C:\\Users\\root\\Documents\\prueba-pichincha\\chapter-frontend-pruebas\\src\\components\\molecules\\NewCharacter\\style.tsx": {"path":"C:\\Users\\root\\Documents\\prueba-pichincha\\chapter-frontend-pruebas\\src\\components\\molecules\\NewCharacter\\style.tsx","statementMap":{"0":{"start":{"line":3,"column":25},"end":{"line":10,"column":1}}},"fnMap":{},"branchMap":{},"s":{"0":2},"f":{},"b":{},"_coverageSchema":"1a1c01bbd47fc00a2c39e90264f33305004495a9","hash":"7598767d12d49acda554e170a16a5d4da47f83bb"}
,"C:\\Users\\root\\Documents\\prueba-pichincha\\chapter-frontend-pruebas\\src\\components\\organisms\\Home\\index.tsx": {"path":"C:\\Users\\root\\Documents\\prueba-pichincha\\chapter-frontend-pruebas\\src\\components\\organisms\\Home\\index.tsx","statementMap":{"0":{"start":{"line":7,"column":13},"end":{"line":23,"column":1}},"1":{"start":{"line":9,"column":30},"end":{"line":9,"column":42}},"2":{"start":{"line":12,"column":2},"end":{"line":14,"column":8}},"3":{"start":{"line":13,"column":4},"end":{"line":13,"column":55}},"4":{"start":{"line":13,"column":38},"end":{"line":13,"column":53}},"5":{"start":{"line":17,"column":2},"end":{"line":22,"column":3}}},"fnMap":{"0":{"name":"(anonymous_0)","decl":{"start":{"line":7,"column":13},"end":{"line":7,"column":14}},"loc":{"start":{"line":7,"column":19},"end":{"line":23,"column":1}},"line":7},"1":{"name":"(anonymous_1)","decl":{"start":{"line":12,"column":12},"end":{"line":12,"column":13}},"loc":{"start":{"line":12,"column":18},"end":{"line":14,"column":3}},"line":12},"2":{"name":"(anonymous_2)","decl":{"start":{"line":13,"column":28},"end":{"line":13,"column":29}},"loc":{"start":{"line":13,"column":38},"end":{"line":13,"column":53}},"line":13}},"branchMap":{},"s":{"0":2,"1":2,"2":2,"3":0,"4":0,"5":2},"f":{"0":2,"1":0,"2":0},"b":{},"_coverageSchema":"1a1c01bbd47fc00a2c39e90264f33305004495a9","hash":"1b1e5bccda237874dbac8e0ca2c74e57c59318b0"}
,"C:\\Users\\root\\Documents\\prueba-pichincha\\chapter-frontend-pruebas\\src\\pages\\index.tsx": {"path":"C:\\Users\\root\\Documents\\prueba-pichincha\\chapter-frontend-pruebas\\src\\pages\\index.tsx","statementMap":{"0":{"start":{"line":5,"column":27},"end":{"line":16,"column":1}},"1":{"start":{"line":6,"column":2},"end":{"line":15,"column":3}}},"fnMap":{"0":{"name":"(anonymous_0)","decl":{"start":{"line":5,"column":27},"end":{"line":5,"column":28}},"loc":{"start":{"line":5,"column":33},"end":{"line":16,"column":1}},"line":5}},"branchMap":{},"s":{"0":1,"1":1},"f":{"0":1},"b":{},"_coverageSchema":"1a1c01bbd47fc00a2c39e90264f33305004495a9","hash":"e02d3271e63a3198f68337b1e021e63a209a2cd2"}
,"C:\\Users\\root\\Documents\\prueba-pichincha\\chapter-frontend-pruebas\\src\\shared\\interfaces.ts": {"path":"C:\\Users\\root\\Documents\\prueba-pichincha\\chapter-frontend-pruebas\\src\\shared\\interfaces.ts","statementMap":{},"fnMap":{},"branchMap":{},"s":{},"f":{},"b":{}}
,"C:\\Users\\root\\Documents\\prueba-pichincha\\chapter-frontend-pruebas\\src\\shared\\hooks\\useForm.js": {"path":"C:\\Users\\root\\Documents\\prueba-pichincha\\chapter-frontend-pruebas\\src\\shared\\hooks\\useForm.js","statementMap":{"0":{"start":{"line":3,"column":23},"end":{"line":17,"column":1}},"1":{"start":{"line":4,"column":32},"end":{"line":4,"column":54}},"2":{"start":{"line":5,"column":18},"end":{"line":7,"column":5}},"3":{"start":{"line":6,"column":8},"end":{"line":6,"column":32}},"4":{"start":{"line":9,"column":30},"end":{"line":14,"column":5}},"5":{"start":{"line":10,"column":8},"end":{"line":13,"column":10}},"6":{"start":{"line":16,"column":4},"end":{"line":16,"column":45}}},"fnMap":{"0":{"name":"(anonymous_0)","decl":{"start":{"line":3,"column":23},"end":{"line":3,"column":24}},"loc":{"start":{"line":3,"column":46},"end":{"line":17,"column":1}},"line":3},"1":{"name":"(anonymous_1)","decl":{"start":{"line":5,"column":18},"end":{"line":5,"column":19}},"loc":{"start":{"line":5,"column":24},"end":{"line":7,"column":5}},"line":5},"2":{"name":"(anonymous_2)","decl":{"start":{"line":9,"column":30},"end":{"line":9,"column":31}},"loc":{"start":{"line":9,"column":44},"end":{"line":14,"column":5}},"line":9}},"branchMap":{"0":{"loc":{"start":{"line":3,"column":24},"end":{"line":3,"column":41}},"type":"default-arg","locations":[{"start":{"line":3,"column":39},"end":{"line":3,"column":41}}],"line":3}},"s":{"0":2,"1":0,"2":0,"3":0,"4":0,"5":0,"6":0},"f":{"0":0,"1":0,"2":0},"b":{"0":[0]},"_coverageSchema":"1a1c01bbd47fc00a2c39e90264f33305004495a9","hash":"b73840312bd4a7a2d9cf8555fad3b0c9de69a235"}
}
